0 info it worked if it ends with ok
1 verbose cli [ '/usr/bin/node', '/usr/bin/npm', 'run', 'prepublishOnly' ]
2 info using npm@3.10.10
3 info using node@v6.14.3
4 verbose run-script [ 'prepublishOnly' ]
5 info lifecycle shortcut-buttons-flatpickr@0.2.3~prepublishOnly: shortcut-buttons-flatpickr@0.2.3
6 verbose lifecycle shortcut-buttons-flatpickr@0.2.3~prepublishOnly: unsafe-perm in lifecycle true
7 verbose lifecycle shortcut-buttons-flatpickr@0.2.3~prepublishOnly: PATH: /usr/lib/node_modules/npm/bin/node-gyp-bin:/home/mshipper/sandbox/shortcut-buttons-flatpickr/node_modules/.bin:/opt/apps/perl/perl5240/bin:/var/zxid/bin:/opt/apps/perl/perl5240/bin:/var/zxid/bin:/opt/teradata/client/16.00/bin:/usr/lib64/qt-3.3/bin:/usr/local/bin:/usr/local/sbin:/usr/bin:/usr/sbin:/bin:/sbin:/home/mshipper/.local/bin:/home/mshipper/bin
8 verbose lifecycle shortcut-buttons-flatpickr@0.2.3~prepublishOnly: CWD: /home/mshipper/sandbox/shortcut-buttons-flatpickr
9 silly lifecycle shortcut-buttons-flatpickr@0.2.3~prepublishOnly: Args: [ '-c', 'run-s build test' ]
10 silly lifecycle shortcut-buttons-flatpickr@0.2.3~prepublishOnly: Returned: code: 1  signal: null
11 info lifecycle shortcut-buttons-flatpickr@0.2.3~prepublishOnly: Failed to exec prepublishOnly script
12 verbose stack Error: shortcut-buttons-flatpickr@0.2.3 prepublishOnly: `run-s build test`
12 verbose stack Exit status 1
12 verbose stack     at EventEmitter.<anonymous> (/usr/lib/node_modules/npm/lib/utils/lifecycle.js:255:16)
12 verbose stack     at emitTwo (events.js:106:13)
12 verbose stack     at EventEmitter.emit (events.js:191:7)
12 verbose stack     at ChildProcess.<anonymous> (/usr/lib/node_modules/npm/lib/utils/spawn.js:40:14)
12 verbose stack     at emitTwo (events.js:106:13)
12 verbose stack     at ChildProcess.emit (events.js:191:7)
12 verbose stack     at maybeClose (internal/child_process.js:920:16)
12 verbose stack     at Process.ChildProcess._handle.onexit (internal/child_process.js:230:5)
13 verbose pkgid shortcut-buttons-flatpickr@0.2.3
14 verbose cwd /home/mshipper/sandbox/shortcut-buttons-flatpickr
15 error Linux 3.10.0-862.9.1.el7.x86_64
16 error argv "/usr/bin/node" "/usr/bin/npm" "run" "prepublishOnly"
17 error node v6.14.3
18 error npm  v3.10.10
19 error code ELIFECYCLE
20 error shortcut-buttons-flatpickr@0.2.3 prepublishOnly: `run-s build test`
20 error Exit status 1
21 error Failed at the shortcut-buttons-flatpickr@0.2.3 prepublishOnly script 'run-s build test'.
21 error Make sure you have the latest version of node.js and npm installed.
21 error If you do, this is most likely a problem with the shortcut-buttons-flatpickr package,
21 error not with npm itself.
21 error Tell the author that this fails on your system:
21 error     run-s build test
21 error You can get information on how to open an issue for this project with:
21 error     npm bugs shortcut-buttons-flatpickr
21 error Or if that isn't available, you can get their info via:
21 error     npm owner ls shortcut-buttons-flatpickr
21 error There is likely additional logging output above.
22 verbose exit [ 1, true ]
